16-08-2024 12:28:29.023 [34mINFO [0;39m com.saswat.collect.SaswatCustomerCollectionApplication.logStarting::50 - Starting SaswatCustomerCollectionApplication using Java 17.0.10 with PID 24996 (C:\saswat-projects\saswat-customer-collection\bin\main started by VereeshHereemata in C:\saswat-projects\saswat-customer-collection)
16-08-2024 12:28:29.038 [34mINFO [0;39m com.saswat.collect.SaswatCustomerCollectionApplication.logStartupProfileInfo::654 - No active profile set, falling back to 1 default profile: "default"
16-08-2024 12:28:29.128 [34mINFO [0;39m org.springframework.boot.devtools.env.DevToolsPropertyDefaultsPostProcessor.logTo::252 - Devtools property defaults active! Set 'spring.devtools.add-properties' to 'false' to disable
16-08-2024 12:28:29.132 [34mINFO [0;39m org.springframework.boot.devtools.env.DevToolsPropertyDefaultsPostProcessor.logTo::252 - For additional web related logging consider setting the 'logging.level.web' property to 'DEBUG'
16-08-2024 12:28:30.082 [34mINFO [0;39m org.springframework.data.repository.config.RepositoryConfigurationDelegate.registerRepositoriesIn::143 - Bootstrapping Spring Data JPA repositories in DEFAULT mode.
16-08-2024 12:28:30.192 [34mINFO [0;39m org.springframework.data.repository.config.RepositoryConfigurationDelegate.registerRepositoriesIn::211 - Finished Spring Data repository scanning in 90 ms. Found 4 JPA repository interfaces.
16-08-2024 12:28:31.151 [34mINFO [0;39m org.springframework.boot.web.embedded.tomcat.TomcatWebServer.initialize::109 - Tomcat initialized with port 8081 (http)
16-08-2024 12:28:31.170 [34mINFO [0;39m org.apache.catalina.core.StandardService.log::173 - Starting service [Tomcat]
16-08-2024 12:28:31.171 [34mINFO [0;39m org.apache.catalina.core.StandardEngine.log::173 - Starting Servlet engine: [Apache Tomcat/10.1.26]
16-08-2024 12:28:31.248 [34mINFO [0;39m org.apache.catalina.core.ContainerBase.[Tomcat].[localhost].[/collect].log::173 - Initializing Spring embedded WebApplicationContext
16-08-2024 12:28:31.249 [34mINFO [0;39m org.springframework.boot.web.servlet.context.ServletWebServerApplicationContext.prepareWebApplicationContext::296 - Root WebApplicationContext: initialization completed in 2115 ms
16-08-2024 12:28:31.460 [34mINFO [0;39m org.hibernate.jpa.internal.util.LogHelper.logPersistenceUnitInformation::31 - HHH000204: Processing PersistenceUnitInfo [name: default]
16-08-2024 12:28:31.550 [34mINFO [0;39m org.hibernate.Version.logVersion::44 - HHH000412: Hibernate ORM core version 6.4.9.Final
16-08-2024 12:28:31.601 [34mINFO [0;39m org.hibernate.cache.internal.RegionFactoryInitiator.initiateService::50 - HHH000026: Second-level cache disabled
16-08-2024 12:28:31.931 [34mINFO [0;39m org.springframework.orm.jpa.persistenceunit.SpringPersistenceUnitInfo.addTransformer::87 - No LoadTimeWeaver setup: ignoring JPA class transformer
16-08-2024 12:28:31.968 [34mINFO [0;39m com.zaxxer.hikari.HikariDataSource.getConnection::110 - HikariPool-1 - Starting...
16-08-2024 12:28:32.220 [34mINFO [0;39m com.zaxxer.hikari.pool.HikariPool.checkFailFast::565 - HikariPool-1 - Added connection org.postgresql.jdbc.PgConnection@73cf40af
16-08-2024 12:28:32.222 [34mINFO [0;39m com.zaxxer.hikari.HikariDataSource.getConnection::123 - HikariPool-1 - Start completed.
16-08-2024 12:28:32.274 [31mWARN [0;39m org.hibernate.orm.deprecation.constructDialect::153 - HHH90000025: PostgreSQLDialect does not need to be specified explicitly using 'hibernate.dialect' (remove the property setting and it will be selected by default)
16-08-2024 12:28:33.498 [34mINFO [0;39m org.hibernate.engine.transaction.jta.platform.internal.JtaPlatformInitiator.initiateService::58 - HHH000489: No JTA platform available (set 'hibernate.transaction.jta.platform' to enable JTA platform integration)
16-08-2024 12:28:33.552 [34mINFO [0;39m org.springframework.orm.jpa.LocalContainerEntityManagerFactoryBean.buildNativeEntityManagerFactory::437 - Initialized JPA EntityManagerFactory for persistence unit 'default'
16-08-2024 12:28:34.197 [31mWARN [0;39m org.springframework.boot.autoconfigure.orm.jpa.JpaBaseConfiguration$JpaWebConfiguration.openEntityManagerInViewInterceptor::232 - spring.jpa.open-in-view is enabled by default. Therefore, database queries may be performed during view rendering. Explicitly configure spring.jpa.open-in-view to disable this warning
16-08-2024 12:28:34.963 [34mINFO [0;39m org.springframework.boot.devtools.autoconfigure.OptionalLiveReloadServer.startServer::59 - LiveReload server is running on port 35729
16-08-2024 12:28:35.010 [34mINFO [0;39m org.springframework.boot.web.embedded.tomcat.TomcatWebServer.start::241 - Tomcat started on port 8081 (http) with context path '/collect'
16-08-2024 12:28:35.026 [34mINFO [0;39m com.saswat.collect.SaswatCustomerCollectionApplication.logStarted::56 - Started SaswatCustomerCollectionApplication in 6.526 seconds (process running for 7.053)
16-08-2024 12:29:22.312 [34mINFO [0;39m org.apache.catalina.core.ContainerBase.[Tomcat].[localhost].[/collect].log::173 - Initializing Spring DispatcherServlet 'dispatcherServlet'
16-08-2024 12:29:22.563 [34mINFO [0;39m com.saswat.collect.Easebuzz_payment.ServiceImpl.PaymentServiceImpl.InitiatePay::80 - Uniquely generated txnid LNa51D04
16-08-2024 12:29:22.718 [34mINFO [0;39m com.saswat.collect.Easebuzz_payment.ServiceImpl.PaymentServiceImpl.InitiatePay::88 - Generated Hash: 19780d0f548af2dc6edeb530e02ec1555dfc3a11f4b4537cc7cdbcc42172fce56ee11d0bcf26fcfb45c64d9bdbd4dc98b8b226c007565b5cdb22daabc7f12a10
16-08-2024 12:29:23.352 [34mINFO [0;39m com.saswat.collect.Easebuzz_payment.ServiceImpl.PaymentServiceImpl.InitiatePay::118 - Request Url https://stoplight.io/mocks/easebuzz/payment-gateway/88397287/payment/initiateLink
16-08-2024 12:29:23.352 [34mINFO [0;39m com.saswat.collect.Easebuzz_payment.ServiceImpl.PaymentServiceImpl.InitiatePay::119 - Requsest Body key=5OEKXZESM&txnid=LNa51D04&amount=1.0&productinfo=test&firstname=vereeesh&phone=9880418761&email=hm@gmail.com&surl=http://localhost/php-kit/response.php&furl=http://localhost/php-kit/response.php&hash=19780d0f548af2dc6edeb530e02ec1555dfc3a11f4b4537cc7cdbcc42172fce56ee11d0bcf26fcfb45c64d9bdbd4dc98b8b226c007565b5cdb22daabc7f12a10&city=JP nagar&state=Karnataka&country=India&zipcode=583273&show_payment_mode=NB,DC,CC,MW,UPI,OM,EMI,CBT,BT&split_payments={ "Easebuzztest 1": 11.0, "Easebuzztest 2": 1.0 }&request_flow=SEAMLESS&sub_merchant_id=78737ab&payment_category=true&account_no=0389738742&ifsc=SBI123
16-08-2024 12:29:24.323 [34mINFO [0;39m com.saswat.collect.Easebuzz_payment.ServiceImpl.PaymentServiceImpl.InitiatePay::130 - Response Code 200
16-08-2024 12:29:24.323 [34mINFO [0;39m com.saswat.collect.Easebuzz_payment.ServiceImpl.PaymentServiceImpl.InitiatePay::145 - Response Body {"status":1,"data":"114e574f3d63ca3a88f5f2c470869f926b147faa8a41c63f6381254ab28d26a9"}
16-08-2024 12:35:58.421 [34mINFO [0;39m com.saswat.collect.SaswatCustomerCollectionApplication.logStarting::50 - Starting SaswatCustomerCollectionApplication using Java 17.0.10 with PID 20796 (C:\saswat-projects\saswat-customer-collection\bin\main started by VereeshHereemata in C:\saswat-projects\saswat-customer-collection)
16-08-2024 12:35:58.430 [34mINFO [0;39m com.saswat.collect.SaswatCustomerCollectionApplication.logStartupProfileInfo::654 - No active profile set, falling back to 1 default profile: "default"
16-08-2024 12:35:58.531 [34mINFO [0;39m org.springframework.boot.devtools.env.DevToolsPropertyDefaultsPostProcessor.logTo::252 - Devtools property defaults active! Set 'spring.devtools.add-properties' to 'false' to disable
16-08-2024 12:35:58.532 [34mINFO [0;39m org.springframework.boot.devtools.env.DevToolsPropertyDefaultsPostProcessor.logTo::252 - For additional web related logging consider setting the 'logging.level.web' property to 'DEBUG'
16-08-2024 12:35:59.547 [34mINFO [0;39m org.springframework.data.repository.config.RepositoryConfigurationDelegate.registerRepositoriesIn::143 - Bootstrapping Spring Data JPA repositories in DEFAULT mode.
16-08-2024 12:35:59.645 [34mINFO [0;39m org.springframework.data.repository.config.RepositoryConfigurationDelegate.registerRepositoriesIn::211 - Finished Spring Data repository scanning in 81 ms. Found 4 JPA repository interfaces.
16-08-2024 12:36:00.612 [34mINFO [0;39m org.springframework.boot.web.embedded.tomcat.TomcatWebServer.initialize::109 - Tomcat initialized with port 8081 (http)
16-08-2024 12:36:00.631 [34mINFO [0;39m org.apache.catalina.core.StandardService.log::173 - Starting service [Tomcat]
16-08-2024 12:36:00.631 [34mINFO [0;39m org.apache.catalina.core.StandardEngine.log::173 - Starting Servlet engine: [Apache Tomcat/10.1.26]
16-08-2024 12:36:00.704 [34mINFO [0;39m org.apache.catalina.core.ContainerBase.[Tomcat].[localhost].[/collect].log::173 - Initializing Spring embedded WebApplicationContext
16-08-2024 12:36:00.705 [34mINFO [0;39m org.springframework.boot.web.servlet.context.ServletWebServerApplicationContext.prepareWebApplicationContext::296 - Root WebApplicationContext: initialization completed in 2172 ms
16-08-2024 12:36:00.900 [34mINFO [0;39m org.hibernate.jpa.internal.util.LogHelper.logPersistenceUnitInformation::31 - HHH000204: Processing PersistenceUnitInfo [name: default]
16-08-2024 12:36:00.975 [34mINFO [0;39m org.hibernate.Version.logVersion::44 - HHH000412: Hibernate ORM core version 6.4.9.Final
16-08-2024 12:36:01.034 [34mINFO [0;39m org.hibernate.cache.internal.RegionFactoryInitiator.initiateService::50 - HHH000026: Second-level cache disabled
16-08-2024 12:36:01.350 [34mINFO [0;39m org.springframework.orm.jpa.persistenceunit.SpringPersistenceUnitInfo.addTransformer::87 - No LoadTimeWeaver setup: ignoring JPA class transformer
16-08-2024 12:36:01.401 [34mINFO [0;39m com.zaxxer.hikari.HikariDataSource.getConnection::110 - HikariPool-1 - Starting...
16-08-2024 12:36:01.728 [34mINFO [0;39m com.zaxxer.hikari.pool.HikariPool.checkFailFast::565 - HikariPool-1 - Added connection org.postgresql.jdbc.PgConnection@603c5de
16-08-2024 12:36:01.730 [34mINFO [0;39m com.zaxxer.hikari.HikariDataSource.getConnection::123 - HikariPool-1 - Start completed.
16-08-2024 12:36:01.766 [31mWARN [0;39m org.hibernate.orm.deprecation.constructDialect::153 - HHH90000025: PostgreSQLDialect does not need to be specified explicitly using 'hibernate.dialect' (remove the property setting and it will be selected by default)
16-08-2024 12:36:02.822 [34mINFO [0;39m org.hibernate.engine.transaction.jta.platform.internal.JtaPlatformInitiator.initiateService::58 - HHH000489: No JTA platform available (set 'hibernate.transaction.jta.platform' to enable JTA platform integration)
16-08-2024 12:36:02.869 [34mINFO [0;39m org.springframework.orm.jpa.LocalContainerEntityManagerFactoryBean.buildNativeEntityManagerFactory::437 - Initialized JPA EntityManagerFactory for persistence unit 'default'
16-08-2024 12:36:03.496 [31mWARN [0;39m org.springframework.boot.autoconfigure.orm.jpa.JpaBaseConfiguration$JpaWebConfiguration.openEntityManagerInViewInterceptor::232 - spring.jpa.open-in-view is enabled by default. Therefore, database queries may be performed during view rendering. Explicitly configure spring.jpa.open-in-view to disable this warning
16-08-2024 12:36:04.297 [34mINFO [0;39m org.springframework.boot.devtools.autoconfigure.OptionalLiveReloadServer.startServer::59 - LiveReload server is running on port 35729
16-08-2024 12:36:04.344 [34mINFO [0;39m org.springframework.boot.web.embedded.tomcat.TomcatWebServer.start::241 - Tomcat started on port 8081 (http) with context path '/collect'
16-08-2024 12:36:04.359 [34mINFO [0;39m com.saswat.collect.SaswatCustomerCollectionApplication.logStarted::56 - Started SaswatCustomerCollectionApplication in 6.418 seconds (process running for 6.952)
16-08-2024 12:36:13.347 [34mINFO [0;39m org.apache.catalina.core.ContainerBase.[Tomcat].[localhost].[/collect].log::173 - Initializing Spring DispatcherServlet 'dispatcherServlet'
16-08-2024 12:36:13.691 [34mINFO [0;39m com.saswat.collect.Easebuzz_payment.ServiceImpl.PaymentServiceImpl.getTransactionstatus::200 - Extracted txnid from the repository LNa51D04
16-08-2024 12:36:13.691 [34mINFO [0;39m com.saswat.collect.Easebuzz_payment.ServiceImpl.PaymentServiceImpl.getTransactionstatus::206 - Generated hash for Transaction status 25b557ef18b5dad428af4fa9a0526a13c6dcf643864bf5a206b386d839bc413d7af189ab03f73b4458967077ad467bb88f73926c915690bbf25149d8494cced8
16-08-2024 12:36:13.940 [34mINFO [0;39m com.saswat.collect.Easebuzz_payment.ServiceImpl.PaymentServiceImpl.getTransactionstatus::244 - Request Url: https://stoplight.io/mocks/easebuzz/payment-gateway/88393071/transaction/v2.1/retrieve
16-08-2024 12:36:13.940 [34mINFO [0;39m com.saswat.collect.Easebuzz_payment.ServiceImpl.PaymentServiceImpl.getTransactionstatus::245 - Request Body: txnid=LNa51D04&key=5OEKXZESM&hash=25b557ef18b5dad428af4fa9a0526a13c6dcf643864bf5a206b386d839bc413d7af189ab03f73b4458967077ad467bb88f73926c915690bbf25149d8494cced8
16-08-2024 12:36:14.905 [34mINFO [0;39m com.saswat.collect.Easebuzz_payment.ServiceImpl.PaymentServiceImpl.getTransactionstatus::256 - Response Code: 200
16-08-2024 12:36:14.905 [34mINFO [0;39m com.saswat.collect.Easebuzz_payment.ServiceImpl.PaymentServiceImpl.getTransactionstatus::267 - Response Body: {"status":true,"msg":[{"txnid":"2024071110","firstname":"John","email":"john@gmail.in","phone":"5241526393","key":"ZXXXXXXXXL","mode":"UPI","unmappedstatus":"NA","cardCategory":"NA","addedon":"2024-07-11 11:33:53","payment_source":"Easebuzz","PG_TYPE":"NA","bank_ref_num":"4193707629052","bankcode":"NA","error":"APPROVED OR COMPLETED SUCCESSFULLY","error_Message":"APPROVED OR COMPLETED SUCCESSFULLY","name_on_card":"NA","upi_va":"8745210904-2@ybl","cardnum":"NA","issuing_bank":"NA","easepayid":"E240711WVE30I8","amount":"2.0","net_amount_debit":"2.0","cash_back_percentage":"50.0","deduction_percentage":"0.0","merchant_logo":"NA","surl":"http://localhost/php-kit-update/response.php","furl":"http://localhost/php-kit-update/response.php","productinfo":"Fees collection","udf10":"","udf9":"","udf8":"","udf7":"","udf6":"","udf5":"","udf4":"","udf3":"","udf2":"","udf1":"","card_type":"UPI","hash":"f5bb6091b87350a4b23c0f0e7f26da0dda5958426a942f123b53a1ba83e68d1439c0192110b00bd53c93764a7bca55d9a77f871ab20915fc71b28de47fda6e3e","status":"success","bank_name":"NA","auth_code":"","response_code":"00","error_code":"NA"}]}
16-08-2024 15:17:11.366 [34mINFO [0;39m com.saswat.collect.SaswatCustomerCollectionApplication.logStarting::50 - Starting SaswatCustomerCollectionApplication using Java 17.0.10 with PID 11880 (C:\saswat-projects\saswat-customer-collection\bin\main started by VereeshHereemata in C:\saswat-projects\saswat-customer-collection)
16-08-2024 15:17:11.371 [34mINFO [0;39m com.saswat.collect.SaswatCustomerCollectionApplication.logStartupProfileInfo::654 - No active profile set, falling back to 1 default profile: "default"
16-08-2024 15:17:11.441 [34mINFO [0;39m org.springframework.boot.devtools.env.DevToolsPropertyDefaultsPostProcessor.logTo::252 - Devtools property defaults active! Set 'spring.devtools.add-properties' to 'false' to disable
16-08-2024 15:17:11.443 [34mINFO [0;39m org.springframework.boot.devtools.env.DevToolsPropertyDefaultsPostProcessor.logTo::252 - For additional web related logging consider setting the 'logging.level.web' property to 'DEBUG'
16-08-2024 15:17:12.455 [34mINFO [0;39m org.springframework.data.repository.config.RepositoryConfigurationDelegate.registerRepositoriesIn::143 - Bootstrapping Spring Data JPA repositories in DEFAULT mode.
16-08-2024 15:17:12.575 [34mINFO [0;39m org.springframework.data.repository.config.RepositoryConfigurationDelegate.registerRepositoriesIn::211 - Finished Spring Data repository scanning in 102 ms. Found 4 JPA repository interfaces.
16-08-2024 15:17:13.589 [34mINFO [0;39m org.springframework.boot.web.embedded.tomcat.TomcatWebServer.initialize::109 - Tomcat initialized with port 8081 (http)
16-08-2024 15:17:13.604 [34mINFO [0;39m org.apache.catalina.core.StandardService.log::173 - Starting service [Tomcat]
16-08-2024 15:17:13.604 [34mINFO [0;39m org.apache.catalina.core.StandardEngine.log::173 - Starting Servlet engine: [Apache Tomcat/10.1.26]
16-08-2024 15:17:13.685 [34mINFO [0;39m org.apache.catalina.core.ContainerBase.[Tomcat].[localhost].[/collect].log::173 - Initializing Spring embedded WebApplicationContext
16-08-2024 15:17:13.686 [34mINFO [0;39m org.springframework.boot.web.servlet.context.ServletWebServerApplicationContext.prepareWebApplicationContext::296 - Root WebApplicationContext: initialization completed in 2242 ms
16-08-2024 15:17:13.912 [34mINFO [0;39m org.hibernate.jpa.internal.util.LogHelper.logPersistenceUnitInformation::31 - HHH000204: Processing PersistenceUnitInfo [name: default]
16-08-2024 15:17:14.008 [34mINFO [0;39m org.hibernate.Version.logVersion::44 - HHH000412: Hibernate ORM core version 6.4.9.Final
16-08-2024 15:17:14.064 [34mINFO [0;39m org.hibernate.cache.internal.RegionFactoryInitiator.initiateService::50 - HHH000026: Second-level cache disabled
16-08-2024 15:17:14.361 [34mINFO [0;39m org.springframework.orm.jpa.persistenceunit.SpringPersistenceUnitInfo.addTransformer::87 - No LoadTimeWeaver setup: ignoring JPA class transformer
16-08-2024 15:17:14.395 [34mINFO [0;39m com.zaxxer.hikari.HikariDataSource.getConnection::110 - HikariPool-1 - Starting...
16-08-2024 15:17:14.616 [34mINFO [0;39m com.zaxxer.hikari.pool.HikariPool.checkFailFast::565 - HikariPool-1 - Added connection org.postgresql.jdbc.PgConnection@7b69b06d
16-08-2024 15:17:14.619 [34mINFO [0;39m com.zaxxer.hikari.HikariDataSource.getConnection::123 - HikariPool-1 - Start completed.
16-08-2024 15:17:14.661 [31mWARN [0;39m org.hibernate.orm.deprecation.constructDialect::153 - HHH90000025: PostgreSQLDialect does not need to be specified explicitly using 'hibernate.dialect' (remove the property setting and it will be selected by default)
16-08-2024 15:17:15.763 [34mINFO [0;39m org.hibernate.engine.transaction.jta.platform.internal.JtaPlatformInitiator.initiateService::58 - HHH000489: No JTA platform available (set 'hibernate.transaction.jta.platform' to enable JTA platform integration)
16-08-2024 15:17:15.817 [34mINFO [0;39m org.springframework.orm.jpa.LocalContainerEntityManagerFactoryBean.buildNativeEntityManagerFactory::437 - Initialized JPA EntityManagerFactory for persistence unit 'default'
16-08-2024 15:17:16.542 [31mWARN [0;39m org.springframework.boot.autoconfigure.orm.jpa.JpaBaseConfiguration$JpaWebConfiguration.openEntityManagerInViewInterceptor::232 - spring.jpa.open-in-view is enabled by default. Therefore, database queries may be performed during view rendering. Explicitly configure spring.jpa.open-in-view to disable this warning
16-08-2024 15:17:17.358 [34mINFO [0;39m org.springframework.boot.devtools.autoconfigure.OptionalLiveReloadServer.startServer::59 - LiveReload server is running on port 35729
16-08-2024 15:17:17.397 [34mINFO [0;39m org.springframework.boot.web.embedded.tomcat.TomcatWebServer.start::241 - Tomcat started on port 8081 (http) with context path '/collect'
16-08-2024 15:17:17.413 [34mINFO [0;39m com.saswat.collect.SaswatCustomerCollectionApplication.logStarted::56 - Started SaswatCustomerCollectionApplication in 6.61 seconds (process running for 7.066)
16-08-2024 15:17:26.524 [34mINFO [0;39m org.apache.catalina.core.ContainerBase.[Tomcat].[localhost].[/collect].log::173 - Initializing Spring DispatcherServlet 'dispatcherServlet'
16-08-2024 15:17:26.972 [34mINFO [0;39m com.saswat.collect.Easebuzz_payment.ServiceImpl.PaymentServiceImpl.InitiatePay::80 - Uniquely generated txnid xVT31u79
16-08-2024 15:17:26.998 [34mINFO [0;39m com.saswat.collect.Easebuzz_payment.ServiceImpl.PaymentServiceImpl.InitiatePay::88 - Generated Hash: e8696e6467a34f2f10065f6c846a305c8a9bddc89bb8b5ce85c15145cb4a0d80fba42fb1cb9a304b68139ebfd7f6d752c8f617a2c5f7fe2d630c90ef9cd62059
16-08-2024 15:17:27.527 [34mINFO [0;39m com.saswat.collect.Easebuzz_payment.ServiceImpl.PaymentServiceImpl.InitiatePay::118 - Request Url https://stoplight.io/mocks/easebuzz/payment-gateway/88397287/payment/initiateLink
16-08-2024 15:17:27.527 [34mINFO [0;39m com.saswat.collect.Easebuzz_payment.ServiceImpl.PaymentServiceImpl.InitiatePay::119 - Requsest Body key=5OEKXZESM&txnid=xVT31u79&amount=1.0&productinfo=test&firstname=vereeesh&phone=9880418761&email=hm@gmail.com&surl=http://localhost/php-kit/response.php&furl=http://localhost/php-kit/response.php&hash=e8696e6467a34f2f10065f6c846a305c8a9bddc89bb8b5ce85c15145cb4a0d80fba42fb1cb9a304b68139ebfd7f6d752c8f617a2c5f7fe2d630c90ef9cd62059&city=JP nagar&state=Karnataka&country=India&zipcode=583273&show_payment_mode=NB,DC,CC,MW,UPI,OM,EMI,CBT,BT&split_payments={ "Easebuzztest 1": 11.0, "Easebuzztest 2": 1.0 }&request_flow=SEAMLESS&sub_merchant_id=78737ab&payment_category=true&account_no=0389738742&ifsc=SBI123
16-08-2024 15:17:28.568 [34mINFO [0;39m com.saswat.collect.Easebuzz_payment.ServiceImpl.PaymentServiceImpl.InitiatePay::130 - Response Code 200
16-08-2024 15:17:28.573 [34mINFO [0;39m com.saswat.collect.Easebuzz_payment.ServiceImpl.PaymentServiceImpl.InitiatePay::145 - Response Body {"status":1,"data":"114e574f3d63ca3a88f5f2c470869f926b147faa8a41c63f6381254ab28d26a9"}
16-08-2024 15:17:37.862 [34mINFO [0;39m com.saswat.collect.Easebuzz_payment.ServiceImpl.PaymentServiceImpl.InitiatePay::80 - Uniquely generated txnid zhH65y38
16-08-2024 15:17:37.866 [34mINFO [0;39m com.saswat.collect.Easebuzz_payment.ServiceImpl.PaymentServiceImpl.InitiatePay::88 - Generated Hash: 2e35681052818e9da08ebd16b4d24501d34028695afd4bb79248a56fb2439b113157167ab6e28ae2f9eeb447ff5c282d3489e0d635e943aa5d9b5e28a054a4ea
16-08-2024 15:17:37.866 [34mINFO [0;39m com.saswat.collect.Easebuzz_payment.ServiceImpl.PaymentServiceImpl.InitiatePay::118 - Request Url https://stoplight.io/mocks/easebuzz/payment-gateway/88397287/payment/initiateLink
16-08-2024 15:17:37.866 [34mINFO [0;39m com.saswat.collect.Easebuzz_payment.ServiceImpl.PaymentServiceImpl.InitiatePay::119 - Requsest Body key=5OEKXZESM&txnid=zhH65y38&amount=1.0&productinfo=test&firstname=&phone=9880418761&email=hm@gmail.com&surl=http://localhost/php-kit/response.php&furl=http://localhost/php-kit/response.php&hash=2e35681052818e9da08ebd16b4d24501d34028695afd4bb79248a56fb2439b113157167ab6e28ae2f9eeb447ff5c282d3489e0d635e943aa5d9b5e28a054a4ea&city=JP nagar&state=Karnataka&country=India&zipcode=583273&show_payment_mode=NB,DC,CC,MW,UPI,OM,EMI,CBT,BT&split_payments={ "Easebuzztest 1": 11.0, "Easebuzztest 2": 1.0 }&request_flow=SEAMLESS&sub_merchant_id=78737ab&payment_category=true&account_no=0389738742&ifsc=SBI123
16-08-2024 15:17:38.400 [34mINFO [0;39m com.saswat.collect.Easebuzz_payment.ServiceImpl.PaymentServiceImpl.InitiatePay::130 - Response Code 200
16-08-2024 15:17:38.401 [34mINFO [0;39m com.saswat.collect.Easebuzz_payment.ServiceImpl.PaymentServiceImpl.InitiatePay::145 - Response Body {"status":1,"data":"114e574f3d63ca3a88f5f2c470869f926b147faa8a41c63f6381254ab28d26a9"}
16-08-2024 15:18:19.076 [34mINFO [0;39m com.saswat.collect.Easebuzz_payment.ServiceImpl.PaymentServiceImpl.getTransactionstatus::200 - Extracted txnid from the repository zhH65y38
16-08-2024 15:18:19.077 [34mINFO [0;39m com.saswat.collect.Easebuzz_payment.ServiceImpl.PaymentServiceImpl.getTransactionstatus::206 - Generated hash for Transaction status 84bf51e3ee818748e18d6cde3b785d68a4f996df8cf18df046cc2f18cc674e6168742b7025c392a5cd98dc1d4b334aa09fe124d3b89f10a17f9cc7ed8cb76f5a
16-08-2024 15:18:19.078 [34mINFO [0;39m com.saswat.collect.Easebuzz_payment.ServiceImpl.PaymentServiceImpl.getTransactionstatus::244 - Request Url: https://stoplight.io/mocks/easebuzz/payment-gateway/88393071/transaction/v2.1/retrieve
16-08-2024 15:18:19.079 [34mINFO [0;39m com.saswat.collect.Easebuzz_payment.ServiceImpl.PaymentServiceImpl.getTransactionstatus::245 - Request Body: txnid=zhH65y38&key=5OEKXZESM&hash=84bf51e3ee818748e18d6cde3b785d68a4f996df8cf18df046cc2f18cc674e6168742b7025c392a5cd98dc1d4b334aa09fe124d3b89f10a17f9cc7ed8cb76f5a
16-08-2024 15:18:19.576 [34mINFO [0;39m com.saswat.collect.Easebuzz_payment.ServiceImpl.PaymentServiceImpl.getTransactionstatus::256 - Response Code: 200
16-08-2024 15:18:19.578 [34mINFO [0;39m com.saswat.collect.Easebuzz_payment.ServiceImpl.PaymentServiceImpl.getTransactionstatus::267 - Response Body: {"status":true,"msg":[{"txnid":"2024071110","firstname":"John","email":"john@gmail.in","phone":"5241526393","key":"ZXXXXXXXXL","mode":"UPI","unmappedstatus":"NA","cardCategory":"NA","addedon":"2024-07-11 11:33:53","payment_source":"Easebuzz","PG_TYPE":"NA","bank_ref_num":"4193707629052","bankcode":"NA","error":"APPROVED OR COMPLETED SUCCESSFULLY","error_Message":"APPROVED OR COMPLETED SUCCESSFULLY","name_on_card":"NA","upi_va":"8745210904-2@ybl","cardnum":"NA","issuing_bank":"NA","easepayid":"E240711WVE30I8","amount":"2.0","net_amount_debit":"2.0","cash_back_percentage":"50.0","deduction_percentage":"0.0","merchant_logo":"NA","surl":"http://localhost/php-kit-update/response.php","furl":"http://localhost/php-kit-update/response.php","productinfo":"Fees collection","udf10":"","udf9":"","udf8":"","udf7":"","udf6":"","udf5":"","udf4":"","udf3":"","udf2":"","udf1":"","card_type":"UPI","hash":"f5bb6091b87350a4b23c0f0e7f26da0dda5958426a942f123b53a1ba83e68d1439c0192110b00bd53c93764a7bca55d9a77f871ab20915fc71b28de47fda6e3e","status":"success","bank_name":"NA","auth_code":"","response_code":"00","error_code":"NA"}]}
16-08-2024 16:06:28.489 [34mINFO [0;39m com.saswat.collect.SaswatCustomerCollectionApplication.logStarting::50 - Starting SaswatCustomerCollectionApplication using Java 17.0.10 with PID 26492 (C:\saswat-projects\saswat-customer-collection\bin\main started by VereeshHereemata in C:\saswat-projects\saswat-customer-collection)
16-08-2024 16:06:28.494 [34mINFO [0;39m com.saswat.collect.SaswatCustomerCollectionApplication.logStartupProfileInfo::654 - No active profile set, falling back to 1 default profile: "default"
16-08-2024 16:06:28.547 [34mINFO [0;39m org.springframework.boot.devtools.env.DevToolsPropertyDefaultsPostProcessor.logTo::252 - Devtools property defaults active! Set 'spring.devtools.add-properties' to 'false' to disable
16-08-2024 16:06:28.548 [34mINFO [0;39m org.springframework.boot.devtools.env.DevToolsPropertyDefaultsPostProcessor.logTo::252 - For additional web related logging consider setting the 'logging.level.web' property to 'DEBUG'
16-08-2024 16:06:29.406 [34mINFO [0;39m org.springframework.data.repository.config.RepositoryConfigurationDelegate.registerRepositoriesIn::143 - Bootstrapping Spring Data JPA repositories in DEFAULT mode.
16-08-2024 16:06:29.512 [34mINFO [0;39m org.springframework.data.repository.config.RepositoryConfigurationDelegate.registerRepositoriesIn::211 - Finished Spring Data repository scanning in 89 ms. Found 4 JPA repository interfaces.
16-08-2024 16:06:30.377 [34mINFO [0;39m org.springframework.boot.web.embedded.tomcat.TomcatWebServer.initialize::109 - Tomcat initialized with port 8081 (http)
16-08-2024 16:06:30.394 [34mINFO [0;39m org.apache.catalina.core.StandardService.log::173 - Starting service [Tomcat]
16-08-2024 16:06:30.394 [34mINFO [0;39m org.apache.catalina.core.StandardEngine.log::173 - Starting Servlet engine: [Apache Tomcat/10.1.26]
16-08-2024 16:06:30.457 [34mINFO [0;39m org.apache.catalina.core.ContainerBase.[Tomcat].[localhost].[/collect].log::173 - Initializing Spring embedded WebApplicationContext
16-08-2024 16:06:30.457 [34mINFO [0;39m org.springframework.boot.web.servlet.context.ServletWebServerApplicationContext.prepareWebApplicationContext::296 - Root WebApplicationContext: initialization completed in 1908 ms
16-08-2024 16:06:30.641 [34mINFO [0;39m org.hibernate.jpa.internal.util.LogHelper.logPersistenceUnitInformation::31 - HHH000204: Processing PersistenceUnitInfo [name: default]
16-08-2024 16:06:30.730 [34mINFO [0;39m org.hibernate.Version.logVersion::44 - HHH000412: Hibernate ORM core version 6.4.9.Final
16-08-2024 16:06:30.785 [34mINFO [0;39m org.hibernate.cache.internal.RegionFactoryInitiator.initiateService::50 - HHH000026: Second-level cache disabled
16-08-2024 16:06:31.080 [34mINFO [0;39m org.springframework.orm.jpa.persistenceunit.SpringPersistenceUnitInfo.addTransformer::87 - No LoadTimeWeaver setup: ignoring JPA class transformer
16-08-2024 16:06:31.116 [34mINFO [0;39m com.zaxxer.hikari.HikariDataSource.getConnection::110 - HikariPool-1 - Starting...
16-08-2024 16:06:31.369 [34mINFO [0;39m com.zaxxer.hikari.pool.HikariPool.checkFailFast::565 - HikariPool-1 - Added connection org.postgresql.jdbc.PgConnection@4cc97f6c
16-08-2024 16:06:31.370 [34mINFO [0;39m com.zaxxer.hikari.HikariDataSource.getConnection::123 - HikariPool-1 - Start completed.
16-08-2024 16:06:31.397 [31mWARN [0;39m org.hibernate.orm.deprecation.constructDialect::153 - HHH90000025: PostgreSQLDialect does not need to be specified explicitly using 'hibernate.dialect' (remove the property setting and it will be selected by default)
16-08-2024 16:06:32.352 [34mINFO [0;39m org.hibernate.engine.transaction.jta.platform.internal.JtaPlatformInitiator.initiateService::58 - HHH000489: No JTA platform available (set 'hibernate.transaction.jta.platform' to enable JTA platform integration)
16-08-2024 16:06:32.385 [34mINFO [0;39m org.springframework.orm.jpa.LocalContainerEntityManagerFactoryBean.buildNativeEntityManagerFactory::437 - Initialized JPA EntityManagerFactory for persistence unit 'default'
16-08-2024 16:06:32.959 [31mWARN [0;39m org.springframework.boot.autoconfigure.orm.jpa.JpaBaseConfiguration$JpaWebConfiguration.openEntityManagerInViewInterceptor::232 - spring.jpa.open-in-view is enabled by default. Therefore, database queries may be performed during view rendering. Explicitly configure spring.jpa.open-in-view to disable this warning
16-08-2024 16:06:33.698 [34mINFO [0;39m org.springframework.boot.devtools.autoconfigure.OptionalLiveReloadServer.startServer::59 - LiveReload server is running on port 35729
16-08-2024 16:06:33.745 [34mINFO [0;39m org.springframework.boot.web.embedded.tomcat.TomcatWebServer.start::241 - Tomcat started on port 8081 (http) with context path '/collect'
16-08-2024 16:06:33.747 [34mINFO [0;39m com.saswat.collect.SaswatCustomerCollectionApplication.logStarted::56 - Started SaswatCustomerCollectionApplication in 5.631 seconds (process running for 6.002)
16-08-2024 16:06:36.432 [34mINFO [0;39m org.apache.catalina.core.ContainerBase.[Tomcat].[localhost].[/collect].log::173 - Initializing Spring DispatcherServlet 'dispatcherServlet'
16-08-2024 16:07:34.450 [34mINFO [0;39m com.saswat.collect.Easebuzz_payment.ServiceImpl.PaymentServiceImpl.InitiatePay::97 - Uniquely generated txnid Nua02O54
16-08-2024 16:07:34.479 [34mINFO [0;39m com.saswat.collect.Easebuzz_payment.ServiceImpl.PaymentServiceImpl.InitiatePay::105 - Generated Hash: 716a63038466b04a0988692d64570806c0970e8a477273ef1d94f4ce773799edb2ee7dc60a58d600fb86950510b0d5169cca2393929bcd855564719ae497b5d3
16-08-2024 16:07:34.665 [34mINFO [0;39m com.saswat.collect.Easebuzz_payment.ServiceImpl.PaymentServiceImpl.InitiatePay::135 - Request Url https://stoplight.io/mocks/easebuzz/payment-gateway/88397287/payment/initiateLink
16-08-2024 16:07:34.665 [34mINFO [0;39m com.saswat.collect.Easebuzz_payment.ServiceImpl.PaymentServiceImpl.InitiatePay::136 - Requsest Body key=5OEKXZESM&txnid=Nua02O54&amount=1.0&productinfo=test&firstname=vereeesh&phone=9880418761&email=hm@gmail.com&surl=http://localhost/php-kit/response.php&furl=http://localhost/php-kit/response.php&hash=716a63038466b04a0988692d64570806c0970e8a477273ef1d94f4ce773799edb2ee7dc60a58d600fb86950510b0d5169cca2393929bcd855564719ae497b5d3&city=JP nagar&state=Karnataka&country=India&zipcode=583273&show_payment_mode=NB,DC,CC,MW,UPI,OM,EMI,CBT,BT&split_payments={ "Easebuzztest 1": 11.0, "Easebuzztest 2": 1.0 }&request_flow=SEAMLESS&sub_merchant_id=78737ab&payment_category=true&account_no=null&ifsc=SBI123
16-08-2024 16:07:35.313 [34mINFO [0;39m com.saswat.collect.Easebuzz_payment.ServiceImpl.PaymentServiceImpl.InitiatePay::147 - Response Code 200
16-08-2024 16:07:35.327 [34mINFO [0;39m com.saswat.collect.Easebuzz_payment.ServiceImpl.PaymentServiceImpl.InitiatePay::162 - Response Body {"status":1,"data":"114e574f3d63ca3a88f5f2c470869f926b147faa8a41c63f6381254ab28d26a9"}
16-08-2024 16:08:32.893 [34mINFO [0;39m com.saswat.collect.SaswatCustomerCollectionApplication.logStarting::50 - Starting SaswatCustomerCollectionApplication using Java 17.0.10 with PID 27132 (C:\saswat-projects\saswat-customer-collection\bin\main started by VereeshHereemata in C:\saswat-projects\saswat-customer-collection)
16-08-2024 16:08:32.902 [34mINFO [0;39m com.saswat.collect.SaswatCustomerCollectionApplication.logStartupProfileInfo::654 - No active profile set, falling back to 1 default profile: "default"
16-08-2024 16:08:32.962 [34mINFO [0;39m org.springframework.boot.devtools.env.DevToolsPropertyDefaultsPostProcessor.logTo::252 - Devtools property defaults active! Set 'spring.devtools.add-properties' to 'false' to disable
16-08-2024 16:08:32.964 [34mINFO [0;39m org.springframework.boot.devtools.env.DevToolsPropertyDefaultsPostProcessor.logTo::252 - For additional web related logging consider setting the 'logging.level.web' property to 'DEBUG'
16-08-2024 16:08:33.725 [34mINFO [0;39m org.springframework.data.repository.config.RepositoryConfigurationDelegate.registerRepositoriesIn::143 - Bootstrapping Spring Data JPA repositories in DEFAULT mode.
16-08-2024 16:08:33.812 [34mINFO [0;39m org.springframework.data.repository.config.RepositoryConfigurationDelegate.registerRepositoriesIn::211 - Finished Spring Data repository scanning in 74 ms. Found 4 JPA repository interfaces.
16-08-2024 16:08:34.648 [34mINFO [0;39m org.springframework.boot.web.embedded.tomcat.TomcatWebServer.initialize::109 - Tomcat initialized with port 8081 (http)
16-08-2024 16:08:34.668 [34mINFO [0;39m org.apache.catalina.core.StandardService.log::173 - Starting service [Tomcat]
16-08-2024 16:08:34.668 [34mINFO [0;39m org.apache.catalina.core.StandardEngine.log::173 - Starting Servlet engine: [Apache Tomcat/10.1.26]
16-08-2024 16:08:34.734 [34mINFO [0;39m org.apache.catalina.core.ContainerBase.[Tomcat].[localhost].[/collect].log::173 - Initializing Spring embedded WebApplicationContext
16-08-2024 16:08:34.736 [34mINFO [0;39m org.springframework.boot.web.servlet.context.ServletWebServerApplicationContext.prepareWebApplicationContext::296 - Root WebApplicationContext: initialization completed in 1771 ms
16-08-2024 16:08:34.927 [34mINFO [0;39m org.hibernate.jpa.internal.util.LogHelper.logPersistenceUnitInformation::31 - HHH000204: Processing PersistenceUnitInfo [name: default]
16-08-2024 16:08:35.006 [34mINFO [0;39m org.hibernate.Version.logVersion::44 - HHH000412: Hibernate ORM core version 6.4.9.Final
16-08-2024 16:08:35.053 [34mINFO [0;39m org.hibernate.cache.internal.RegionFactoryInitiator.initiateService::50 - HHH000026: Second-level cache disabled
16-08-2024 16:08:35.324 [34mINFO [0;39m org.springframework.orm.jpa.persistenceunit.SpringPersistenceUnitInfo.addTransformer::87 - No LoadTimeWeaver setup: ignoring JPA class transformer
16-08-2024 16:08:35.354 [34mINFO [0;39m com.zaxxer.hikari.HikariDataSource.getConnection::110 - HikariPool-1 - Starting...
16-08-2024 16:08:35.583 [34mINFO [0;39m com.zaxxer.hikari.pool.HikariPool.checkFailFast::565 - HikariPool-1 - Added connection org.postgresql.jdbc.PgConnection@663dc623
16-08-2024 16:08:35.586 [34mINFO [0;39m com.zaxxer.hikari.HikariDataSource.getConnection::123 - HikariPool-1 - Start completed.
16-08-2024 16:08:35.617 [31mWARN [0;39m org.hibernate.orm.deprecation.constructDialect::153 - HHH90000025: PostgreSQLDialect does not need to be specified explicitly using 'hibernate.dialect' (remove the property setting and it will be selected by default)
16-08-2024 16:08:36.463 [34mINFO [0;39m org.hibernate.engine.transaction.jta.platform.internal.JtaPlatformInitiator.initiateService::58 - HHH000489: No JTA platform available (set 'hibernate.transaction.jta.platform' to enable JTA platform integration)
16-08-2024 16:08:36.502 [34mINFO [0;39m org.springframework.orm.jpa.LocalContainerEntityManagerFactoryBean.buildNativeEntityManagerFactory::437 - Initialized JPA EntityManagerFactory for persistence unit 'default'
16-08-2024 16:08:37.098 [31mWARN [0;39m org.springframework.boot.autoconfigure.orm.jpa.JpaBaseConfiguration$JpaWebConfiguration.openEntityManagerInViewInterceptor::232 - spring.jpa.open-in-view is enabled by default. Therefore, database queries may be performed during view rendering. Explicitly configure spring.jpa.open-in-view to disable this warning
16-08-2024 16:08:37.814 [34mINFO [0;39m org.springframework.boot.devtools.autoconfigure.OptionalLiveReloadServer.startServer::59 - LiveReload server is running on port 35729
16-08-2024 16:08:37.856 [34mINFO [0;39m org.springframework.boot.web.embedded.tomcat.TomcatWebServer.start::241 - Tomcat started on port 8081 (http) with context path '/collect'
16-08-2024 16:08:37.867 [34mINFO [0;39m com.saswat.collect.SaswatCustomerCollectionApplication.logStarted::56 - Started SaswatCustomerCollectionApplication in 5.375 seconds (process running for 5.758)
16-08-2024 16:08:43.076 [34mINFO [0;39m org.apache.catalina.core.ContainerBase.[Tomcat].[localhost].[/collect].log::173 - Initializing Spring DispatcherServlet 'dispatcherServlet'
16-08-2024 16:08:57.921 [34mINFO [0;39m com.saswat.collect.Easebuzz_payment.ServiceImpl.PaymentServiceImpl.InitiatePay::97 - Uniquely generated txnid HyJ37v31
16-08-2024 16:08:57.929 [34mINFO [0;39m com.saswat.collect.Easebuzz_payment.ServiceImpl.PaymentServiceImpl.InitiatePay::105 - Generated Hash: 2f84099c202744c44fe55bff7d2ba52c0c24bcfc67aedfeeae962c92c981bf4faa81bed3e8c0757acd357c42e5983fb87e05ece2de9f60a590c5dfd40c29aa14
16-08-2024 16:08:58.011 [34mINFO [0;39m com.saswat.collect.Easebuzz_payment.ServiceImpl.PaymentServiceImpl.InitiatePay::135 - Request Url https://stoplight.io/mocks/easebuzz/payment-gateway/88397287/payment/initiateLink
16-08-2024 16:08:58.012 [34mINFO [0;39m com.saswat.collect.Easebuzz_payment.ServiceImpl.PaymentServiceImpl.InitiatePay::136 - Requsest Body key=5OEKXZESM&txnid=HyJ37v31&amount=1.0&productinfo=test&firstname=vereeesh&phone=9880418761&email=hm@gmail.com&surl=http://localhost/php-kit/response.php&furl=http://localhost/php-kit/response.php&hash=2f84099c202744c44fe55bff7d2ba52c0c24bcfc67aedfeeae962c92c981bf4faa81bed3e8c0757acd357c42e5983fb87e05ece2de9f60a590c5dfd40c29aa14&city=JP nagar&state=Karnataka&country=India&zipcode=583273&show_payment_mode=NB,DC,CC,MW,UPI,OM,EMI,CBT,BT&split_payments={ "Easebuzztest 1": 11.0, "Easebuzztest 2": 1.0 }&request_flow=SEAMLESS&sub_merchant_id=78737ab&payment_category=true&account_no=0389738742&ifsc=SBI123
16-08-2024 16:08:58.595 [34mINFO [0;39m com.saswat.collect.Easebuzz_payment.ServiceImpl.PaymentServiceImpl.InitiatePay::147 - Response Code 200
16-08-2024 16:08:58.597 [34mINFO [0;39m com.saswat.collect.Easebuzz_payment.ServiceImpl.PaymentServiceImpl.InitiatePay::162 - Response Body {"status":1,"data":"114e574f3d63ca3a88f5f2c470869f926b147faa8a41c63f6381254ab28d26a9"}
